-------------------------------------------------------------------------------
Test set: com.example.calculator.CalculatorServiceTest
-------------------------------------------------------------------------------
Tests run: 1, Failures: 1, Errors: 0, Skipped: 0, Time elapsed: 0.285 s <<< FAILURE! - in com.example.calculator.CalculatorServiceTest
testPerformAddition(com.example.calculator.CalculatorServiceTest)  Time elapsed: 0.225 s  <<< FAILURE!
java.lang.AssertionError: expected:<5> but was:<6>
	at com.example.calculator.CalculatorServiceTest.testPerformAddition(CalculatorServiceTest.java:47)

